This Node.js version (v24.13.0) has not been tested with this version of Cucumber; it should work normally, but please raise an issue if you see anything unexpected.
2026-04-16T03:58:33.154Z pw:api => browserType.launch started
2026-04-16T03:58:33.280Z pw:api <= browserType.launch succeeded
2026-04-16T03:58:33.328Z pw:api => browser.newContext started
2026-04-16T03:58:33.338Z pw:api <= browser.newContext succeeded
2026-04-16T03:58:33.340Z pw:api => browserContext.newPage started
2026-04-16T03:58:33.445Z pw:api <= browserContext.newPage succeeded
2026-04-16T03:58:33.450Z pw:api => page.goto started
2026-04-16T03:58:33.452Z pw:api navigating to "https://www.saucedemo.com/", waiting until "load"
2026-04-16T03:58:33.513Z pw:api   "commit" event fired
2026-04-16T03:58:33.514Z pw:api   navigated to "https://www.saucedemo.com/"
2026-04-16T03:58:33.714Z pw:api   "domcontentloaded" event fired
2026-04-16T03:58:33.823Z pw:api   "load" event fired
2026-04-16T03:58:33.824Z pw:api <= page.goto succeeded
2026-04-16T03:58:33.826Z pw:api => locator.fill started
2026-04-16T03:58:33.830Z pw:api waiting for getByPlaceholder('Username')
2026-04-16T03:58:33.867Z pw:api   locator resolved to <input value="" type="text" id="user-name" name="user-name" autocorrect="off" data-test="username" autocapitalize="none" placeholder="Username" class="input_error form_input"/>
2026-04-16T03:58:33.869Z pw:api   fill("standard_user")
2026-04-16T03:58:33.869Z pw:api attempting fill action
2026-04-16T03:58:33.870Z pw:api   waiting for element to be visible, enabled and editable
2026-04-16T03:58:33.880Z pw:api <= locator.fill succeeded
2026-04-16T03:58:33.881Z pw:api => locator.fill started
2026-04-16T03:58:33.882Z pw:api waiting for getByPlaceholder('Password')
2026-04-16T03:58:33.885Z pw:api   locator resolved to <input value="" id="password" type="password" name="password" autocorrect="off" data-test="password" autocapitalize="none" placeholder="Password" class="input_error form_input"/>
2026-04-16T03:58:33.886Z pw:api   fill("secret_sauce_BAD")
2026-04-16T03:58:33.886Z pw:api attempting fill action
2026-04-16T03:58:33.886Z pw:api   waiting for element to be visible, enabled and editable
2026-04-16T03:58:33.891Z pw:api <= locator.fill succeeded
2026-04-16T03:58:33.892Z pw:api => locator.click started
2026-04-16T03:58:33.892Z pw:api waiting for getByRole('button', { name: 'Login' })
2026-04-16T03:58:33.899Z pw:api   locator resolved to <input type="submit" value="Login" id="login-button" name="login-button" data-test="login-button" class="submit-button btn_action"/>
2026-04-16T03:58:33.900Z pw:api attempting click action
2026-04-16T03:58:33.901Z pw:api   waiting for element to be visible, enabled and stable
2026-04-16T03:58:33.931Z pw:api   element is visible, enabled and stable
2026-04-16T03:58:33.931Z pw:api   scrolling into view if needed
2026-04-16T03:58:33.933Z pw:api   done scrolling
2026-04-16T03:58:33.939Z pw:api   performing click action
2026-04-16T03:58:33.961Z pw:api   click action done
2026-04-16T03:58:33.962Z pw:api   waiting for scheduled navigations to finish
2026-04-16T03:58:33.963Z pw:api   navigations have finished
2026-04-16T03:58:33.964Z pw:api <= locator.click succeeded
2026-04-16T03:58:33.967Z pw:api => frame._expect started
2026-04-16T03:58:33.969Z pw:api Expect "to.have.url" with timeout 5000ms
2026-04-16T03:58:33.972Z pw:api   unexpected value "https://www.saucedemo.com/"
2026-04-16T03:58:33.973Z pw:api   unexpected value "https://www.saucedemo.com/"
2026-04-16T03:58:34.083Z pw:api   unexpected value "https://www.saucedemo.com/"
2026-04-16T03:58:34.351Z pw:api   unexpected value "https://www.saucedemo.com/"
2026-04-16T03:58:34.854Z pw:api   unexpected value "https://www.saucedemo.com/"
2026-04-16T03:58:35.856Z pw:api   unexpected value "https://www.saucedemo.com/"
2026-04-16T03:58:36.871Z pw:api   unexpected value "https://www.saucedemo.com/"
2026-04-16T03:58:37.880Z pw:api   unexpected value "https://www.saucedemo.com/"
2026-04-16T03:58:38.033Z pw:api   "networkidle" event fired
2026-04-16T03:58:38.458Z pw:api => page.screenshot started
2026-04-16T03:58:38.459Z pw:api taking page screenshot
2026-04-16T03:58:38.462Z pw:api waiting for fonts to load...
2026-04-16T03:58:38.464Z pw:api fonts loaded
2026-04-16T03:58:38.506Z pw:api <= page.screenshot succeeded
2026-04-16T03:58:38.514Z pw:api => page.close started
2026-04-16T03:58:38.520Z pw:api <= page.close succeeded
2026-04-16T03:58:38.521Z pw:api <= frame._expect succeeded
2026-04-16T03:58:38.525Z pw:api => browserContext.close started
2026-04-16T03:58:38.531Z pw:api <= browserContext.close succeeded
2026-04-16T03:58:38.536Z pw:api => browser.newContext started
2026-04-16T03:58:38.541Z pw:api <= browser.newContext succeeded
2026-04-16T03:58:38.541Z pw:api => browserContext.newPage started
2026-04-16T03:58:38.617Z pw:api <= browserContext.newPage succeeded
2026-04-16T03:58:38.619Z pw:api => page.goto started
2026-04-16T03:58:38.620Z pw:api navigating to "https://www.saucedemo.com/", waiting until "load"
2026-04-16T03:58:38.673Z pw:api   "commit" event fired
2026-04-16T03:58:38.673Z pw:api   navigated to "https://www.saucedemo.com/"
2026-04-16T03:58:38.876Z pw:api   "domcontentloaded" event fired
2026-04-16T03:58:38.987Z pw:api   "load" event fired
2026-04-16T03:58:38.988Z pw:api <= page.goto succeeded
2026-04-16T03:58:38.989Z pw:api => locator.fill started
2026-04-16T03:58:38.989Z pw:api waiting for getByPlaceholder('Username')
2026-04-16T03:58:39.018Z pw:api   locator resolved to <input value="" type="text" id="user-name" name="user-name" autocorrect="off" data-test="username" autocapitalize="none" placeholder="Username" class="input_error form_input"/>
2026-04-16T03:58:39.020Z pw:api   fill("standard_user")
2026-04-16T03:58:39.020Z pw:api attempting fill action
2026-04-16T03:58:39.020Z pw:api   waiting for element to be visible, enabled and editable
2026-04-16T03:58:39.030Z pw:api <= locator.fill succeeded
2026-04-16T03:58:39.031Z pw:api => locator.fill started
2026-04-16T03:58:39.031Z pw:api waiting for getByPlaceholder('Password')
2026-04-16T03:58:39.035Z pw:api   locator resolved to <input value="" id="password" type="password" name="password" autocorrect="off" data-test="password" autocapitalize="none" placeholder="Password" class="input_error form_input"/>
2026-04-16T03:58:39.036Z pw:api   fill("secret_sauce")
2026-04-16T03:58:39.036Z pw:api attempting fill action
2026-04-16T03:58:39.036Z pw:api   waiting for element to be visible, enabled and editable
2026-04-16T03:58:39.041Z pw:api <= locator.fill succeeded
2026-04-16T03:58:39.042Z pw:api => locator.click started
2026-04-16T03:58:39.042Z pw:api waiting for getByRole('button', { name: 'Login' })
2026-04-16T03:58:39.048Z pw:api   locator resolved to <input type="submit" value="Login" id="login-button" name="login-button" data-test="login-button" class="submit-button btn_action"/>
2026-04-16T03:58:39.050Z pw:api attempting click action
2026-04-16T03:58:39.050Z pw:api   waiting for element to be visible, enabled and stable
2026-04-16T03:58:39.080Z pw:api   element is visible, enabled and stable
2026-04-16T03:58:39.080Z pw:api   scrolling into view if needed
2026-04-16T03:58:39.081Z pw:api   done scrolling
2026-04-16T03:58:39.087Z pw:api   performing click action
2026-04-16T03:58:39.097Z pw:api   navigated to "https://www.saucedemo.com/inventory.html"
2026-04-16T03:58:39.167Z pw:api   click action done
2026-04-16T03:58:39.167Z pw:api   waiting for scheduled navigations to finish
2026-04-16T03:58:39.172Z pw:api   navigations have finished
2026-04-16T03:58:39.173Z pw:api <= locator.click succeeded
2026-04-16T03:58:39.174Z pw:api => frame._expect started
2026-04-16T03:58:39.175Z pw:api Expect "to.have.url" with timeout 5000ms
2026-04-16T03:58:39.177Z pw:api <= frame._expect succeeded
2026-04-16T03:58:39.179Z pw:api => locator._expect started
2026-04-16T03:58:39.179Z pw:api Expect "to.be.visible" with timeout 5000ms
2026-04-16T03:58:39.180Z pw:api waiting for getByText('Products')
2026-04-16T03:58:39.188Z pw:api   locator resolved to <span class="title" data-test="title">Products</span>
2026-04-16T03:58:39.189Z pw:api <= locator._expect succeeded
2026-04-16T03:58:39.190Z pw:api => locator.click started
2026-04-16T03:58:39.194Z pw:api waiting for locator('.inventory_item').first().getByRole('button', { name: /Add to cart/i })
2026-04-16T03:58:39.206Z pw:api   locator resolved to <button id="add-to-cart-sauce-labs-backpack" name="add-to-cart-sauce-labs-backpack" data-test="add-to-cart-sauce-labs-backpack" class="btn btn_primary btn_small btn_inventory ">Add to cart</button>
2026-04-16T03:58:39.207Z pw:api attempting click action
2026-04-16T03:58:39.208Z pw:api   waiting for element to be visible, enabled and stable
2026-04-16T03:58:39.235Z pw:api   element is visible, enabled and stable
2026-04-16T03:58:39.235Z pw:api   scrolling into view if needed
2026-04-16T03:58:39.236Z pw:api   done scrolling
2026-04-16T03:58:39.240Z pw:api   performing click action
2026-04-16T03:58:39.247Z pw:api   click action done
2026-04-16T03:58:39.247Z pw:api   waiting for scheduled navigations to finish
2026-04-16T03:58:39.247Z pw:api   navigations have finished
2026-04-16T03:58:39.248Z pw:api <= locator.click succeeded
2026-04-16T03:58:39.254Z pw:api => page.close started
2026-04-16T03:58:39.257Z pw:api <= page.close succeeded
2026-04-16T03:58:39.259Z pw:api => browserContext.close started
2026-04-16T03:58:39.264Z pw:api <= browserContext.close succeeded
2026-04-16T03:58:39.267Z pw:api => browser.newContext started
2026-04-16T03:58:39.272Z pw:api <= browser.newContext succeeded
2026-04-16T03:58:39.273Z pw:api => browserContext.newPage started
2026-04-16T03:58:39.353Z pw:api <= browserContext.newPage succeeded
2026-04-16T03:58:39.355Z pw:api => page.goto started
2026-04-16T03:58:39.356Z pw:api navigating to "https://www.saucedemo.com/", waiting until "load"
2026-04-16T03:58:39.403Z pw:api   "commit" event fired
2026-04-16T03:58:39.403Z pw:api   navigated to "https://www.saucedemo.com/"
2026-04-16T03:58:39.616Z pw:api   "domcontentloaded" event fired
2026-04-16T03:58:39.718Z pw:api   "load" event fired
2026-04-16T03:58:39.719Z pw:api <= page.goto succeeded
2026-04-16T03:58:39.719Z pw:api => locator.fill started
2026-04-16T03:58:39.720Z pw:api waiting for getByPlaceholder('Username')
2026-04-16T03:58:39.756Z pw:api   locator resolved to <input value="" type="text" id="user-name" name="user-name" autocorrect="off" data-test="username" autocapitalize="none" placeholder="Username" class="input_error form_input"/>
2026-04-16T03:58:39.757Z pw:api   fill("standard_user")
2026-04-16T03:58:39.757Z pw:api attempting fill action
2026-04-16T03:58:39.757Z pw:api   waiting for element to be visible, enabled and editable
2026-04-16T03:58:39.767Z pw:api <= locator.fill succeeded
2026-04-16T03:58:39.768Z pw:api => locator.fill started
2026-04-16T03:58:39.768Z pw:api waiting for getByPlaceholder('Password')
2026-04-16T03:58:39.771Z pw:api   locator resolved to <input value="" id="password" type="password" name="password" autocorrect="off" data-test="password" autocapitalize="none" placeholder="Password" class="input_error form_input"/>
2026-04-16T03:58:39.773Z pw:api   fill("secret_sauce_BAD")
2026-04-16T03:58:39.773Z pw:api attempting fill action
2026-04-16T03:58:39.773Z pw:api   waiting for element to be visible, enabled and editable
2026-04-16T03:58:39.779Z pw:api <= locator.fill succeeded
2026-04-16T03:58:39.780Z pw:api => locator.click started
2026-04-16T03:58:39.781Z pw:api waiting for getByRole('button', { name: 'Login' })
2026-04-16T03:58:39.788Z pw:api   locator resolved to <input type="submit" value="Login" id="login-button" name="login-button" data-test="login-button" class="submit-button btn_action"/>
2026-04-16T03:58:39.789Z pw:api attempting click action
2026-04-16T03:58:39.789Z pw:api   waiting for element to be visible, enabled and stable
2026-04-16T03:58:39.811Z pw:api   element is visible, enabled and stable
2026-04-16T03:58:39.811Z pw:api   scrolling into view if needed
2026-04-16T03:58:39.812Z pw:api   done scrolling
2026-04-16T03:58:39.816Z pw:api   performing click action
2026-04-16T03:58:39.838Z pw:api   click action done
2026-04-16T03:58:39.838Z pw:api   waiting for scheduled navigations to finish
2026-04-16T03:58:39.839Z pw:api   navigations have finished
2026-04-16T03:58:39.839Z pw:api <= locator.click succeeded
2026-04-16T03:58:39.841Z pw:api => frame._expect started
2026-04-16T03:58:39.841Z pw:api Expect "to.have.url" with timeout 5000ms
2026-04-16T03:58:39.843Z pw:api   unexpected value "https://www.saucedemo.com/"
2026-04-16T03:58:39.845Z pw:api   unexpected value "https://www.saucedemo.com/"
2026-04-16T03:58:39.946Z pw:api   unexpected value "https://www.saucedemo.com/"
2026-04-16T03:58:40.199Z pw:api   unexpected value "https://www.saucedemo.com/"
2026-04-16T03:58:40.703Z pw:api   unexpected value "https://www.saucedemo.com/"
2026-04-16T03:58:41.715Z pw:api   unexpected value "https://www.saucedemo.com/"
2026-04-16T03:58:42.722Z pw:api   unexpected value "https://www.saucedemo.com/"
2026-04-16T03:58:43.728Z pw:api   unexpected value "https://www.saucedemo.com/"
2026-04-16T03:58:43.818Z pw:api   "networkidle" event fired
2026-04-16T03:58:44.730Z pw:api   unexpected value "https://www.saucedemo.com/"
2026-04-16T03:58:44.846Z pw:api => page.screenshot started
2026-04-16T03:58:44.847Z pw:api <= frame._expect succeeded
2026-04-16T03:58:44.847Z pw:api taking page screenshot
2026-04-16T03:58:44.850Z pw:api waiting for fonts to load...
2026-04-16T03:58:44.852Z pw:api fonts loaded
2026-04-16T03:58:44.884Z pw:api <= page.screenshot succeeded
2026-04-16T03:58:44.891Z pw:api => page.close started
2026-04-16T03:58:44.893Z pw:api <= page.close succeeded
2026-04-16T03:58:44.895Z pw:api => browserContext.close started
2026-04-16T03:58:44.898Z pw:api <= browserContext.close succeeded
2026-04-16T03:58:44.901Z pw:api => browser.newContext started
2026-04-16T03:58:44.906Z pw:api <= browser.newContext succeeded
2026-04-16T03:58:44.906Z pw:api => browserContext.newPage started
2026-04-16T03:58:44.987Z pw:api <= browserContext.newPage succeeded
2026-04-16T03:58:44.989Z pw:api => page.goto started
2026-04-16T03:58:44.989Z pw:api navigating to "https://www.saucedemo.com/", waiting until "load"
2026-04-16T03:58:45.034Z pw:api   "commit" event fired
2026-04-16T03:58:45.035Z pw:api   navigated to "https://www.saucedemo.com/"
2026-04-16T03:58:45.235Z pw:api   "domcontentloaded" event fired
2026-04-16T03:58:45.334Z pw:api   "load" event fired
2026-04-16T03:58:45.335Z pw:api <= page.goto succeeded
2026-04-16T03:58:45.336Z pw:api => locator.fill started
2026-04-16T03:58:45.336Z pw:api waiting for getByPlaceholder('Username')
2026-04-16T03:58:45.368Z pw:api   locator resolved to <input value="" type="text" id="user-name" name="user-name" autocorrect="off" data-test="username" autocapitalize="none" placeholder="Username" class="input_error form_input"/>
2026-04-16T03:58:45.370Z pw:api   fill("locked_out_user")
2026-04-16T03:58:45.370Z pw:api attempting fill action
2026-04-16T03:58:45.370Z pw:api   waiting for element to be visible, enabled and editable
2026-04-16T03:58:45.383Z pw:api <= locator.fill succeeded
2026-04-16T03:58:45.383Z pw:api => locator.fill started
2026-04-16T03:58:45.384Z pw:api waiting for getByPlaceholder('Password')
2026-04-16T03:58:45.388Z pw:api   locator resolved to <input value="" id="password" type="password" name="password" autocorrect="off" data-test="password" autocapitalize="none" placeholder="Password" class="input_error form_input"/>
2026-04-16T03:58:45.389Z pw:api   fill("secret_sauce")
2026-04-16T03:58:45.389Z pw:api attempting fill action
2026-04-16T03:58:45.389Z pw:api   waiting for element to be visible, enabled and editable
2026-04-16T03:58:45.395Z pw:api <= locator.fill succeeded
2026-04-16T03:58:45.395Z pw:api => locator.click started
2026-04-16T03:58:45.396Z pw:api waiting for getByRole('button', { name: 'Login' })
2026-04-16T03:58:45.401Z pw:api   locator resolved to <input type="submit" value="Login" id="login-button" name="login-button" data-test="login-button" class="submit-button btn_action"/>
2026-04-16T03:58:45.403Z pw:api attempting click action
2026-04-16T03:58:45.403Z pw:api   waiting for element to be visible, enabled and stable
2026-04-16T03:58:45.431Z pw:api   element is visible, enabled and stable
2026-04-16T03:58:45.431Z pw:api   scrolling into view if needed
2026-04-16T03:58:45.432Z pw:api   done scrolling
2026-04-16T03:58:45.435Z pw:api   performing click action
2026-04-16T03:58:45.458Z pw:api   click action done
2026-04-16T03:58:45.458Z pw:api   waiting for scheduled navigations to finish
2026-04-16T03:58:45.459Z pw:api   navigations have finished
2026-04-16T03:58:45.459Z pw:api <= locator.click succeeded
2026-04-16T03:58:45.461Z pw:api => locator._expect started
2026-04-16T03:58:45.461Z pw:api Expect "to.have.text" with timeout 5000ms
2026-04-16T03:58:45.462Z pw:api waiting for locator('.error-message-container h3')
2026-04-16T03:58:45.467Z pw:api   locator resolved to <h3 data-test="error">…</h3>
2026-04-16T03:58:45.467Z pw:api <= locator._expect succeeded
2026-04-16T03:58:45.473Z pw:api => page.close started
2026-04-16T03:58:45.475Z pw:api <= page.close succeeded
2026-04-16T03:58:45.477Z pw:api => browserContext.close started
2026-04-16T03:58:45.481Z pw:api <= browserContext.close succeeded
2026-04-16T03:58:45.485Z pw:api => browser.newContext started
2026-04-16T03:58:45.489Z pw:api <= browser.newContext succeeded
2026-04-16T03:58:45.489Z pw:api => browserContext.newPage started
2026-04-16T03:58:45.565Z pw:api <= browserContext.newPage succeeded
2026-04-16T03:58:45.568Z pw:api => page.goto started
2026-04-16T03:58:45.569Z pw:api navigating to "https://www.saucedemo.com/", waiting until "load"
2026-04-16T03:58:45.615Z pw:api   "commit" event fired
2026-04-16T03:58:45.615Z pw:api   navigated to "https://www.saucedemo.com/"
2026-04-16T03:58:45.812Z pw:api   "domcontentloaded" event fired
2026-04-16T03:58:45.905Z pw:api   "load" event fired
2026-04-16T03:58:45.906Z pw:api <= page.goto succeeded
2026-04-16T03:58:45.907Z pw:api => page.screenshot started
2026-04-16T03:58:45.908Z pw:api taking page screenshot
2026-04-16T03:58:45.927Z pw:api waiting for fonts to load...
2026-04-16T03:58:45.930Z pw:api fonts loaded
2026-04-16T03:58:45.996Z pw:api <= page.screenshot succeeded
2026-04-16T03:58:46.000Z pw:api => locator.fill started
2026-04-16T03:58:46.001Z pw:api waiting for getByPlaceholder('Username')
2026-04-16T03:58:46.006Z pw:api   locator resolved to <input value="" type="text" id="user-name" name="user-name" autocorrect="off" data-test="username" autocapitalize="none" placeholder="Username" class="input_error form_input"/>
2026-04-16T03:58:46.007Z pw:api   fill("standard_user")
2026-04-16T03:58:46.007Z pw:api attempting fill action
2026-04-16T03:58:46.008Z pw:api   waiting for element to be visible, enabled and editable
2026-04-16T03:58:46.018Z pw:api <= locator.fill succeeded
2026-04-16T03:58:46.019Z pw:api => locator.fill started
2026-04-16T03:58:46.019Z pw:api waiting for getByPlaceholder('Password')
2026-04-16T03:58:46.022Z pw:api   locator resolved to <input value="" id="password" type="password" name="password" autocorrect="off" data-test="password" autocapitalize="none" placeholder="Password" class="input_error form_input"/>
2026-04-16T03:58:46.023Z pw:api   fill("secret_sauce")
2026-04-16T03:58:46.023Z pw:api attempting fill action
2026-04-16T03:58:46.023Z pw:api   waiting for element to be visible, enabled and editable
2026-04-16T03:58:46.028Z pw:api <= locator.fill succeeded
2026-04-16T03:58:46.028Z pw:api => locator.click started
2026-04-16T03:58:46.028Z pw:api waiting for getByRole('button', { name: 'Login' })
2026-04-16T03:58:46.034Z pw:api   locator resolved to <input type="submit" value="Login" id="login-button" name="login-button" data-test="login-button" class="submit-button btn_action"/>
2026-04-16T03:58:46.035Z pw:api attempting click action
2026-04-16T03:58:46.036Z pw:api   waiting for element to be visible, enabled and stable
2026-04-16T03:58:46.066Z pw:api   element is visible, enabled and stable
2026-04-16T03:58:46.067Z pw:api   scrolling into view if needed
2026-04-16T03:58:46.067Z pw:api   done scrolling
2026-04-16T03:58:46.071Z pw:api   performing click action
2026-04-16T03:58:46.080Z pw:api   navigated to "https://www.saucedemo.com/inventory.html"
2026-04-16T03:58:46.144Z pw:api   click action done
2026-04-16T03:58:46.144Z pw:api   waiting for scheduled navigations to finish
2026-04-16T03:58:46.147Z pw:api   navigations have finished
2026-04-16T03:58:46.148Z pw:api <= locator.click succeeded
2026-04-16T03:58:46.148Z pw:api => page.screenshot started
2026-04-16T03:58:46.149Z pw:api taking page screenshot
2026-04-16T03:58:46.151Z pw:api waiting for fonts to load...
2026-04-16T03:58:46.153Z pw:api fonts loaded
2026-04-16T03:58:46.241Z pw:api <= page.screenshot succeeded
2026-04-16T03:58:46.246Z pw:api => frame._expect started
2026-04-16T03:58:46.247Z pw:api Expect "to.have.url" with timeout 5000ms
2026-04-16T03:58:46.249Z pw:api <= frame._expect succeeded
2026-04-16T03:58:46.250Z pw:api => page.screenshot started
2026-04-16T03:58:46.251Z pw:api taking page screenshot
2026-04-16T03:58:46.253Z pw:api waiting for fonts to load...
2026-04-16T03:58:46.254Z pw:api fonts loaded
2026-04-16T03:58:46.346Z pw:api <= page.screenshot succeeded
2026-04-16T03:58:46.352Z pw:api => page.close started
2026-04-16T03:58:46.355Z pw:api <= page.close succeeded
2026-04-16T03:58:46.356Z pw:api => browserContext.close started
2026-04-16T03:58:46.361Z pw:api <= browserContext.close succeeded
2026-04-16T03:58:46.364Z pw:api => browser.close started
2026-04-16T03:58:46.441Z pw:api <= browser.close succeeded
